{
  "stats": {
    "suites": 1,
    "tests": 3,
    "passes": 2,
    "pending": 0,
    "failures": 1,
    "start": "2021-04-07T17:28:38.021Z",
    "end": "2021-04-07T17:28:42.918Z",
    "duration": 4897,
    "testsRegistered": 3,
    "passPercent": 66.66666666666666,
    "pendingPercent": 0,
    "other": 0,
    "hasOther": false,
    "skipped": 0,
    "hasSkipped": false
  },
  "results": [
    {
      "uuid": "17189a30-f4c8-45f6-895f-23a59e07fb06",
      "title": "",
      "fullFile": "cypress/integration/examples/sideNav.js",
      "file": "cypress/integration/examples/sideNav.js",
      "beforeHooks": [],
      "afterHooks": [],
      "tests": [],
      "suites": [
        {
          "uuid": "9478d152-0939-4bce-a68d-8181b48f089e",
          "title": "This file will hold all the test scripts involving the side nav",
          "fullFile": "",
          "file": "",
          "beforeHooks": [],
          "afterHooks": [],
          "tests": [
            {
              "title": "Users should be able to navigate to the gothamist side nav",
              "fullTitle": "This file will hold all the test scripts involving the side nav Users should be able to navigate to the gothamist side nav",
              "timedOut": null,
              "duration": 1170,
              "state": "passed",
              "speed": "slow",
              "pass": true,
              "fail": false,
              "pending": false,
              "context": null,
              "code": "sideNav.getSideNav().click();\nsideNav.verifyingSideNav().should('be.visible');",
              "err": {},
              "uuid": "9cf14fde-729d-4dac-9d2e-356708293754",
              "parentUUID": "9478d152-0939-4bce-a68d-8181b48f089e",
              "isHook": false,
              "skipped": false
            },
            {
              "title": "Users should be able to close the side nave by clicking on the X",
              "fullTitle": "This file will hold all the test scripts involving the side nav Users should be able to close the side nave by clicking on the X",
              "timedOut": null,
              "duration": 1299,
              "state": "passed",
              "speed": "slow",
              "pass": true,
              "fail": false,
              "pending": false,
              "context": null,
              "code": "sideNav.getSideNav().click();\nsideNav.verifyingSideNav().should('be.visible');\nsideNav.getCloseIcon().click();\nsideNav.verifyingSideNav().should('not.be.visible');",
              "err": {},
              "uuid": "7566daa2-b3bb-4f3e-8403-06a8fc722a49",
              "parentUUID": "9478d152-0939-4bce-a68d-8181b48f089e",
              "isHook": false,
              "skipped": false
            },
            {
              "title": "Donate button should work from side nav",
              "fullTitle": "This file will hold all the test scripts involving the side nav Donate button should work from side nav",
              "timedOut": null,
              "duration": 1142,
              "state": "failed",
              "speed": null,
              "pass": false,
              "fail": true,
              "pending": false,
              "context": null,
              "code": "sideNav.getSideNav().click();\nsideNav.verifyingSideNav().should('be.visible');\ncy.verifyingSideNav('div[class=\"menu-button\"]', 'Gothamist is reader-supported local news.');",
              "err": {
                "message": "TypeError: cy.verifyingSideNav is not a function",
                "estack": "TypeError: cy.verifyingSideNav is not a function\n    at Context.eval (https://gothamist-vue.demo.nypr.digital/__cypress/tests?p=cypress/integration/examples/sideNav.js:186:8)",
                "diff": null
              },
              "uuid": "23b742e6-ba47-4002-97ab-f04049ec6343",
              "parentUUID": "9478d152-0939-4bce-a68d-8181b48f089e",
              "isHook": false,
              "skipped": false
            }
          ],
          "suites": [],
          "passes": [
            "9cf14fde-729d-4dac-9d2e-356708293754",
            "7566daa2-b3bb-4f3e-8403-06a8fc722a49"
          ],
          "failures": [
            "23b742e6-ba47-4002-97ab-f04049ec6343"
          ],
          "pending": [],
          "skipped": [],
          "duration": 3611,
          "root": false,
          "rootEmpty": false,
          "_timeout": 2000
        }
      ],
      "passes": [],
      "failures": [],
      "pending": [],
      "skipped": [],
      "duration": 0,
      "root": true,
      "rootEmpty": true,
      "_timeout": 2000
    }
  ],
  "meta": {
    "mocha": {
      "version": "7.0.1"
    },
    "mochawesome": {
      "options": {
        "quiet": false,
        "reportFilename": "mochawesome",
        "saveHtml": true,
        "saveJson": true,
        "consoleReporter": "spec",
        "useInlineDiffs": false,
        "code": true
      },
      "version": "6.2.2"
    },
    "marge": {
      "options": null,
      "version": "5.2.0"
    }
  }
}